#
# There is insufficient memory for the Java Runtime Environment to continue.
# Native memory allocation (malloc) failed to allocate 32744 bytes. Error detail: Chunk::new
# Possible reasons:
#   The system is out of physical RAM or swap space
#   This process is running with CompressedOops enabled, and the Java Heap may be blocking the growth of the native heap
# Possible solutions:
#   Reduce memory load on the system
#   Increase physical memory or swap space
#   Check if swap backing store is full
#   Decrease Java heap size (-Xmx/-Xms)
#   Decrease number of Java threads
#   Decrease Java thread stack sizes (-Xss)
#   Set larger code cache with -XX:ReservedCodeCacheSize=
#   JVM is running with Unscaled Compressed Oops mode in which the Java heap is
#     placed in the first 4GB address space. The Java Heap base address is the
#     maximum limit for the native heap growth. Please use -XX:HeapBaseMinAddress
#     to set the Java Heap base and to place the Java Heap above 4GB virtual address.
# This output file may be truncated or incomplete.
#
#  Out of Memory Error (arena.cpp:150), pid=11084, tid=31164
#
# JRE version: Java(TM) SE Runtime Environment (22.0.1+8) (build 22.0.1+8-16)
# Java VM: Java HotSpot(TM) 64-Bit Server VM (22.0.1+8-16, mixed mode, sharing, tiered, compressed oops, compressed class ptrs, g1 gc, windows-amd64)
# No core dump will be written. Minidumps are not enabled by default on client versions of Windows
#

---------------  S U M M A R Y ------------

Command Line: -Dclassworlds.conf=C:\Users\SAMSUNG\OneDrive\πŸ≈¡ »≠∏È\javasum\netbeans22\java\maven\bin\m2.conf -Dmaven.home=C:\Users\SAMSUNG\OneDrive\πŸ≈¡ »≠∏È\javasum\netbeans22\java\maven -Dlibrary.jansi.path=C:\Users\SAMSUNG\OneDrive\πŸ≈¡ »≠∏È\javasum\netbeans22\java\maven\lib\jansi-native -Dmaven.multiModuleProjectDirectory=C:\Users\SAMSUNG\OneDrive\πÆº≠\NetBeansProjects\HMS org.codehaus.plexus.classworlds.launcher.Launcher -Dexec.vmArgs= -Dexec.args=${exec.vmArgs} -classpath %classpath ${exec.mainClass} ${exec.appArgs} -Dexec.executable=C:\java\bin\java.exe -Dexec.mainClass=cse.deu.hms.login.Login -Dexec.classpathScope=runtime -Dexec.appArgs= -Dmaven.ext.class.path=C:\Users\SAMSUNG\OneDrive\πŸ≈¡ »≠∏È\javasum\netbeans22\java\maven-nblib\netbeans-eventspy.jar --no-transfer-progress process-classes org.codehaus.mojo:exec-maven-plugin:3.1.0:exec

Host: 11th Gen Intel(R) Core(TM) i5-1135G7 @ 2.40GHz, 8 cores, 7G,  Windows 11 , 64 bit Build 22621 (10.0.22621.3958)
Time: Tue Nov 12 03:04:18 2024  Windows 11 , 64 bit Build 22621 (10.0.22621.3958) elapsed time: 2.926980 seconds (0d 0h 0m 2s)

---------------  T H R E A D  ---------------

Current thread (0x0000016ceec12c20):  JavaThread "C2 CompilerThread2" daemon [_thread_in_native, id=31164, stack(0x00000007d3000000,0x00000007d3100000) (1024K)]


Current CompileTask:
C2:2927 3897   !   4       jdk.internal.loader.BuiltinClassLoader::loadClassOrNull (143 bytes)

Stack: [0x00000007d3000000,0x00000007d3100000]
Native frames: (J=compiled Java code, j=interpreted, Vv=VM code, C=native code)
V  [jvm.dll+0x6e2279]  (no source info available)
V  [jvm.dll+0x874e33]  (no source info available)
V  [jvm.dll+0x87725e]  (no source info available)
V  [jvm.dll+0x877933]  (no source info available)
V  [jvm.dll+0x27fd76]  (no source info available)
V  [jvm.dll+0xc3d0f]  (no source info available)
V  [jvm.dll+0xc3f6b]  (no source info available)
V  [jvm.dll+0x6bd9e7]  (no source info available)
V  [jvm.dll+0x398ad3]  (no source info available)
V  [jvm.dll+0x39670e]  (no source info available)
V  [jvm.dll+0x6f9319]  (no source info available)
V  [jvm.dll+0x6fcc60]  (no source info available)
V  [jvm.dll+0x6f4fcf]  (no source info available)
V  [jvm.dll+0x6f4587]  (no source info available)
V  [jvm.dll+0x6f2764]  (no source info available)
V  [jvm.dll+0x1c805c]  (no source info available)
V  [jvm.dll+0x1c8bdb]  (no source info available)
V  [jvm.dll+0x1c8bdb]  (no source info available)
V  [jvm.dll+0x1c8b1d]  (no source info available)
V  [jvm.dll+0x2f2e3f]  (no source info available)
V  [jvm.dll+0x6fcc87]  (no source info available)
V  [jvm.dll+0x6f4fcf]  (no source info available)
V  [jvm.dll+0x6f4587]  (no source info available)
V  [jvm.dll+0x6f2764]  (no source info available)
V  [jvm.dll+0x1c805c]  (no source info available)
V  [jvm.dll+0x1c8bdb]  (no source info available)
V  [jvm.dll+0x2f2e3f]  (no source info available)
V  [jvm.dll+0x6fcc87]  (no source info available)
V  [jvm.dll+0x6f4fcf]  (no source info available)
V  [jvm.dll+0x6f4587]  (no source info available)
V  [jvm.dll+0x6f2764]  (no source info available)
V  [jvm.dll+0x1c805c]  (no source info available)
V  [jvm.dll+0x246c2b]  (no source info available)
V  [jvm.dll+0x1c4e90]  (no source info available)
V  [jvm.dll+0x2569fe]  (no source info available)
V  [jvm.dll+0x254cba]  (no source info available)
V  [jvm.dll+0x3f5336]  (no source info available)
V  [jvm.dll+0x81d44b]  (no source info available)
V  [jvm.dll+0x6e0915]  (no source info available)
C  [ucrtbase.dll+0x29333]  (no source info available)
C  [KERNEL32.DLL+0x1257d]  (no source info available)
C  [ntdll.dll+0x5af08]  (no source info available)


---------------  P R O C E S S  ---------------

Threads class SMR info:
_java_thread_list=0x0000016ceec46600, length=13, elements={
0x0000016c8a4cf590, 0x0000016ca8d55d70, 0x0000016ca8d57a80, 0x0000016ca8d5f960,
0x0000016ca8d604b0, 0x0000016ca8d61490, 0x0000016ca8d62110, 0x0000016ca8d787b0,
0x0000016ca8d797e0, 0x0000016cee10fc50, 0x0000016cee111000, 0x0000016cee6de5c0,
0x0000016ceec12c20
}

Java Threads: ( => current thread )
  0x0000016c8a4cf590 JavaThread "main"                              [_thread_in_vm, id=22680, stack(0x00000007d1d00000,0x00000007d1e00000) (1024K)]
  0x0000016ca8d55d70 JavaThread "Reference Handler"          daemon [_thread_blocked, id=10576, stack(0x00000007d2500000,0x00000007d2600000) (1024K)]
  0x0000016ca8d57a80 JavaThread "Finalizer"                  daemon [_thread_blocked, id=26720, stack(0x00000007d2600000,0x00000007d2700000) (1024K)]
  0x0000016ca8d5f960 JavaThread "Signal Dispatcher"          daemon [_thread_blocked, id=3724, stack(0x00000007d2700000,0x00000007d2800000) (1024K)]
  0x0000016ca8d604b0 JavaThread "Attach Listener"            daemon [_thread_blocked, id=10332, stack(0x00000007d2800000,0x00000007d2900000) (1024K)]
  0x0000016ca8d61490 JavaThread "Service Thread"             daemon [_thread_blocked, id=32056, stack(0x00000007d2900000,0x00000007d2a00000) (1024K)]
  0x0000016ca8d62110 JavaThread "Monitor Deflation Thread"   daemon [_thread_blocked, id=22508, stack(0x00000007d2a00000,0x00000007d2b00000) (1024K)]
  0x0000016ca8d787b0 JavaThread "C2 CompilerThread0"         daemon [_thread_in_native, id=22936, stack(0x00000007d2b00000,0x00000007d2c00000) (1024K)]
  0x0000016ca8d797e0 JavaThread "C1 CompilerThread0"         daemon [_thread_blocked, id=27724, stack(0x00000007d2c00000,0x00000007d2d00000) (1024K)]
  0x0000016cee10fc50 JavaThread "Notification Thread"        daemon [_thread_blocked, id=14228, stack(0x00000007d2d00000,0x00000007d2e00000) (1024K)]
  0x0000016cee111000 JavaThread "Common-Cleaner"             daemon [_thread_blocked, id=20520, stack(0x00000007d2e00000,0x00000007d2f00000) (1024K)]
  0x0000016cee6de5c0 JavaThread "C2 CompilerThread1"         daemon [_thread_in_native, id=13944, stack(0x00000007d2f00000,0x00000007d3000000) (1024K)]
=>0x0000016ceec12c20 JavaThread "C2 CompilerThread2"         daemon [_thread_in_native, id=31164, stack(0x00000007d3000000,0x00000007d3100000) (1024K)]
Total: 13

Other Threads:
  0x0000016ca8d36a70 VMThread "VM Thread"                           [id=10740, stack(0x00000007d2400000,0x00000007d2500000) (1024K)]
  0x0000016ca8d1f2b0 WatcherThread "VM Periodic Task Thread"        [id=17932, stack(0x00000007d2300000,0x00000007d2400000) (1024K)]
  0x0000016c8c682d30 WorkerThread "GC Thread#0"                     [id=10444, stack(0x00000007d1e00000,0x00000007d1f00000) (1024K)]
  0x0000016cef1a4780 WorkerThread "GC Thread#1"                     [id=16320, stack(0x00000007d3100000,0x00000007d3200000) (1024K)]
  0x0000016cef687c00 WorkerThread "GC Thread#2"                     [id=20112, stack(0x00000007d3200000,0x00000007d3300000) (1024K)]
  0x0000016cef687fb0 WorkerThread "GC Thread#3"                     [id=11796, stack(0x00000007d3300000,0x00000007d3400000) (1024K)]
  0x0000016cefc7cc20 WorkerThread "GC Thread#4"                     [id=33156, stack(0x00000007d3400000,0x00000007d3500000) (1024K)]
  0x0000016cef743f50 WorkerThread "GC Thread#5"                     [id=21460, stack(0x00000007d3500000,0x00000007d3600000) (1024K)]
  0x0000016cef744b10 WorkerThread "GC Thread#6"                     [id=6528, stack(0x00000007d3600000,0x00000007d3700000) (1024K)]
  0x0000016cef7452c0 WorkerThread "GC Thread#7"                     [id=12984, stack(0x00000007d3700000,0x00000007d3800000) (1024K)]
  0x0000016c8c6944e0 ConcurrentGCThread "G1 Main Marker"            [id=19540, stack(0x00000007d1f00000,0x00000007d2000000) (1024K)]
  0x0000016c8c695790 WorkerThread "G1 Conc#0"                       [id=26572, stack(0x00000007d2000000,0x00000007d2100000) (1024K)]
  0x0000016cf09c2590 WorkerThread "G1 Conc#1"                       [id=14760, stack(0x00000007d3800000,0x00000007d3900000) (1024K)]
  0x0000016c8c6ee810 ConcurrentGCThread "G1 Refine#0"               [id=14660, stack(0x00000007d2100000,0x00000007d2200000) (1024K)]
  0x0000016ca8bf0540 ConcurrentGCThread "G1 Service"                [id=28496, stack(0x00000007d2200000,0x00000007d2300000) (1024K)]
Total: 15

Threads with active compile tasks:
C2 CompilerThread0  3076 3865       4       java.lang.invoke.MethodType::methodType (69 bytes)
C2 CompilerThread1  3076 3764       4       java.lang.invoke.MethodType::makeImpl (109 bytes)
C2 CompilerThread2  3076 3897   !   4       jdk.internal.loader.BuiltinClassLoader::loadClassOrNull (143 bytes)
Total: 3

VM state: not at safepoint (normal execution)

VM Mutex/Monitor currently owned by a thread: None

Heap address: 0x0000000085000000, size: 1968 MB, Compressed Oops mode: 32-bit

CDS archive(s) mapped at: [0x0000016ca9000000-0x0000016ca9c60000-0x0000016ca9c60000), size 12976128, SharedBaseAddress: 0x0000016ca9000000, ArchiveRelocationMode: 1.
Compressed class space mapped at: 0x0000016caa000000-0x0000016cea000000, reserved size: 1073741824
Narrow klass base: 0x0000016ca9000000, Narrow klass shift: 0, Narrow klass range: 0x41000000

GC Precious Log:
 CardTable entry size: 512
 Card Set container configuration: InlinePtr #cards 5 size 8 Array Of Cards #cards 12 size 40 Howl #buckets 4 coarsen threshold 1843 Howl Bitmap #cards 512 size 80 coarsen threshold 460 Card regions per heap region 1 cards per card region 2048
 CPUs: 8 total, 8 available
 Memory: 7865M
 Large Page Support: Disabled
 NUMA Support: Disabled
 Compressed Oops: Enabled (32-bit)
 Heap Region Size: 1M
 Heap Min Capacity: 8M
 Heap Initial Capacity: 124M
 Heap Max Capacity: 1968M
 Pre-touch: Disabled
 Parallel Workers: 8
 Concurrent Workers: 2
 Concurrent Refinement Workers: 8
 Periodic GC: Disabled

Heap:
 garbage-first heap   total reserved 2015232K, committed 40960K, used 12495K [0x0000000085000000, 0x0000000100000000)
  region size 1024K, 9 young (9216K), 7 survivors (7168K)
 Metaspace       used 23023K, committed 23360K, reserved 1114112K
  class space    used 2779K, committed 2944K, reserved 1048576K

Heap Regions: E=young(eden), S=young(survivor), O=old, HS=humongous(starts), HC=humongous(continues), CS=collection set, F=free, TAMS=top-at-mark-start, PB=parsable bottom
|   0|0x0000000085000000, 0x0000000085100000, 0x0000000085100000|100%| O|  |TAMS 0x0000000085000000| PB 0x0000000085000000| Untracked |  0
|   1|0x0000000085100000, 0x0000000085200000, 0x0000000085200000|100%| O|  |TAMS 0x0000000085100000| PB 0x0000000085100000| Untracked |  0
|   2|0x0000000085200000, 0x0000000085300000, 0x0000000085300000|100%| O|  |TAMS 0x0000000085200000| PB 0x0000000085200000| Untracked |  0
|   3|0x0000000085300000, 0x0000000085400000, 0x0000000085400000|100%| O|  |TAMS 0x0000000085300000| PB 0x0000000085300000| Untracked |  0
|   4|0x0000000085400000, 0x0000000085433d00, 0x0000000085500000| 20%| O|Cm|TAMS 0x0000000085400000| PB 0x0000000085400000| Complete |  0
|   5|0x0000000085500000, 0x0000000085500000, 0x0000000085600000|  0%| F|  |TAMS 0x0000000085500000| PB 0x0000000085500000| Untracked |  0
|   6|0x0000000085600000, 0x0000000085600000, 0x0000000085700000|  0%| F|  |TAMS 0x0000000085600000| PB 0x0000000085600000| Untracked |  0
|   7|0x0000000085700000, 0x0000000085700000, 0x0000000085800000|  0%| F|  |TAMS 0x0000000085700000| PB 0x0000000085700000| Untracked |  0
|   8|0x0000000085800000, 0x0000000085800000, 0x0000000085900000|  0%| F|  |TAMS 0x0000000085800000| PB 0x0000000085800000| Untracked |  0
|   9|0x0000000085900000, 0x0000000085900000, 0x0000000085a00000|  0%| F|  |TAMS 0x0000000085900000| PB 0x0000000085900000| Untracked |  0
|  10|0x0000000085a00000, 0x0000000085a00000, 0x0000000085b00000|  0%| F|  |TAMS 0x0000000085a00000| PB 0x0000000085a00000| Untracked |  0
|  11|0x0000000085b00000, 0x0000000085b00000, 0x0000000085c00000|  0%| F|  |TAMS 0x0000000085b00000| PB 0x0000000085b00000| Untracked |  0
|  12|0x0000000085c00000, 0x0000000085c00000, 0x0000000085d00000|  0%| F|  |TAMS 0x0000000085c00000| PB 0x0000000085c00000| Untracked |  0
|  13|0x0000000085d00000, 0x0000000085d00000, 0x0000000085e00000|  0%| F|  |TAMS 0x0000000085d00000| PB 0x0000000085d00000| Untracked |  0
|  14|0x0000000085e00000, 0x0000000085e00000, 0x0000000085f00000|  0%| F|  |TAMS 0x0000000085e00000| PB 0x0000000085e00000| Untracked |  0
|  15|0x0000000085f00000, 0x0000000085f00000, 0x0000000086000000|  0%| F|  |TAMS 0x0000000085f00000| PB 0x0000000085f00000| Untracked |  0
|  16|0x0000000086000000, 0x0000000086000000, 0x0000000086100000|  0%| F|  |TAMS 0x0000000086000000| PB 0x0000000086000000| Untracked |  0
|  17|0x0000000086100000, 0x0000000086100000, 0x0000000086200000|  0%| F|  |TAMS 0x0000000086100000| PB 0x0000000086100000| Untracked |  0
|  18|0x0000000086200000, 0x0000000086200000, 0x0000000086300000|  0%| F|  |TAMS 0x0000000086200000| PB 0x0000000086200000| Untracked |  0
|  19|0x0000000086300000, 0x0000000086300000, 0x0000000086400000|  0%| F|  |TAMS 0x0000000086300000| PB 0x0000000086300000| Untracked |  0
|  20|0x0000000086400000, 0x0000000086400000, 0x0000000086500000|  0%| F|  |TAMS 0x0000000086400000| PB 0x0000000086400000| Untracked |  0
|  21|0x0000000086500000, 0x0000000086500000, 0x0000000086600000|  0%| F|  |TAMS 0x0000000086500000| PB 0x0000000086500000| Untracked |  0
|  22|0x0000000086600000, 0x0000000086600000, 0x0000000086700000|  0%| F|  |TAMS 0x0000000086600000| PB 0x0000000086600000| Untracked |  0
|  23|0x0000000086700000, 0x0000000086700000, 0x0000000086800000|  0%| F|  |TAMS 0x0000000086700000| PB 0x0000000086700000| Untracked |  0
|  24|0x0000000086800000, 0x0000000086800000, 0x0000000086900000|  0%| F|  |TAMS 0x0000000086800000| PB 0x0000000086800000| Untracked |  0
|  25|0x0000000086900000, 0x0000000086900000, 0x0000000086a00000|  0%| F|  |TAMS 0x0000000086900000| PB 0x0000000086900000| Untracked |  0
|  26|0x0000000086a00000, 0x0000000086a00000, 0x0000000086b00000|  0%| F|  |TAMS 0x0000000086a00000| PB 0x0000000086a00000| Untracked |  0
|  27|0x0000000086b00000, 0x0000000086b00000, 0x0000000086c00000|  0%| F|  |TAMS 0x0000000086b00000| PB 0x0000000086b00000| Untracked |  0
|  28|0x0000000086c00000, 0x0000000086c00000, 0x0000000086d00000|  0%| F|  |TAMS 0x0000000086c00000| PB 0x0000000086c00000| Untracked |  0
|  29|0x0000000086d00000, 0x0000000086d00000, 0x0000000086e00000|  0%| F|  |TAMS 0x0000000086d00000| PB 0x0000000086d00000| Untracked |  0
|  30|0x0000000086e00000, 0x0000000086e00000, 0x0000000086f00000|  0%| F|  |TAMS 0x0000000086e00000| PB 0x0000000086e00000| Untracked |  0
|  31|0x0000000086f00000, 0x0000000087000000, 0x0000000087000000|100%| E|  |TAMS 0x0000000086f00000| PB 0x0000000086f00000| Complete |  0
|  54|0x0000000088600000, 0x0000000088700000, 0x0000000088700000|100%| S|CS|TAMS 0x0000000088600000| PB 0x0000000088600000| Complete |  0
|  55|0x0000000088700000, 0x0000000088800000, 0x0000000088800000|100%| S|CS|TAMS 0x0000000088700000| PB 0x0000000088700000| Complete |  0
|  56|0x0000000088800000, 0x0000000088900000, 0x0000000088900000|100%| S|CS|TAMS 0x0000000088800000| PB 0x0000000088800000| Complete |  0
|  57|0x0000000088900000, 0x0000000088a00000, 0x0000000088a00000|100%| S|CS|TAMS 0x0000000088900000| PB 0x0000000088900000| Complete |  0
|  58|0x0000000088a00000, 0x0000000088b00000, 0x0000000088b00000|100%| S|CS|TAMS 0x0000000088a00000| PB 0x0000000088a00000| Complete |  0
|  59|0x0000000088b00000, 0x0000000088c00000, 0x0000000088c00000|100%| S|CS|TAMS 0x0000000088b00000| PB 0x0000000088b00000| Complete |  0
|  60|0x0000000088c00000, 0x0000000088d00000, 0x0000000088d00000|100%| S|CS|TAMS 0x0000000088c00000| PB 0x0000000088c00000| Complete |  0
| 123|0x000000008cb00000, 0x000000008cc00000, 0x000000008cc00000|100%| E|CS|TAMS 0x000000008cb00000| PB 0x000000008cb00000| Complete |  0

Card table byte_map: [0x0000016ca4080000,0x0000016ca4460000] _byte_map_base: 0x0000016ca3c58000

Marking Bits: (CMBitMap*) 0x0000016c8c683440
 Bits: [0x0000016ca4460000, 0x0000016ca6320000)

Polling page: 0x0000016c8a5d0000

Metaspace:

Usage:
  Non-class:     19.77 MB used.
      Class:      2.72 MB used.
       Both:     22.49 MB used.

Virtual space:
  Non-class space:       64.00 MB reserved,      19.94 MB ( 31%) committed,  1 nodes.
      Class space:        1.00 GB reserved,       2.88 MB ( <1%) committed,  1 nodes.
             Both:        1.06 GB reserved,      22.81 MB (  2%) committed. 

Chunk freelists:
   Non-Class:  11.92 MB
       Class:  13.05 MB
        Both:  24.97 MB

MaxMetaspaceSize: unlimited
CompressedClassSpaceSize: 1.00 GB
Initial GC threshold: 21.00 MB
Current GC threshold: 35.25 MB
CDS: on
 - commit_granule_bytes: 65536.
 - commit_granule_words: 8192.
 - virtual_space_node_default_size: 8388608.
 - enlarge_chunks_in_place: 1.
 - use_allocation_guard: 0.


Internal statistics:

num_allocs_failed_limit: 3.
num_arena_births: 206.
num_arena_deaths: 0.
num_vsnodes_births: 2.
num_vsnodes_deaths: 0.
num_space_committed: 365.
num_space_uncommitted: 0.
num_chunks_returned_to_freelist: 3.
num_chunks_taken_from_freelist: 993.
num_chunk_merges: 3.
num_chunk_splits: 717.
num_chunks_enlarged: 588.
num_inconsistent_stats: 0.

CodeHeap 'non-profiled nmethods': size=120000Kb used=1764Kb max_used=1764Kb free=118235Kb
 bounds [0x0000016c9c440000, 0x0000016c9c6b0000, 0x0000016ca3970000]
CodeHeap 'profiled nmethods': size=120000Kb used=7752Kb max_used=7752Kb free=112247Kb
 bounds [0x0000016c94970000, 0x0000016c95110000, 0x0000016c9bea0000]
CodeHeap 'non-nmethods': size=5760Kb used=1584Kb max_used=1598Kb free=4175Kb
 bounds [0x0000016c9bea0000, 0x0000016c9c110000, 0x0000016c9c440000]
 total_blobs=4461 nmethods=3941 adapters=424
 compilation: enabled
              stopped_count=0, restarted_count=0
 full_count=0

Compilation events (20 events):
Event: 2.905 Thread 0x0000016ceec12c20 nmethod 3896 0x0000016c9c5f5f90 code [0x0000016c9c5f61e0, 0x0000016c9c5f6ff8]
Event: 2.910 Thread 0x0000016ceec12c20 3897   !   4       jdk.internal.loader.BuiltinClassLoader::loadClassOrNull (143 bytes)
Event: 2.914 Thread 0x0000016ca8d797e0 3899       3       java.nio.DirectByteBuffer::<init> (60 bytes)
Event: 2.914 Thread 0x0000016ca8d797e0 nmethod 3899 0x0000016c950ed910 code [0x0000016c950edae0, 0x0000016c950edef8]
Event: 2.914 Thread 0x0000016ca8d797e0 3900       3       java.nio.MappedByteBuffer::<init> (24 bytes)
Event: 2.914 Thread 0x0000016ca8d797e0 nmethod 3900 0x0000016c950ee090 code [0x0000016c950ee240, 0x0000016c950ee3f0]
Event: 2.914 Thread 0x0000016ca8d797e0 3901   !   3       jdk.internal.jimage.BasicImageReader::slice (32 bytes)
Event: 2.915 Thread 0x0000016ca8d797e0 nmethod 3901 0x0000016c950ee490 code [0x0000016c950ee660, 0x0000016c950eeaa0]
Event: 2.915 Thread 0x0000016ca8d797e0 3902       3       java.nio.DirectByteBufferR::<init> (25 bytes)
Event: 2.915 Thread 0x0000016ca8d797e0 nmethod 3902 0x0000016c950eec10 code [0x0000016c950eedc0, 0x0000016c950eef40]
Event: 2.915 Thread 0x0000016ca8d797e0 3903       3       java.nio.DirectByteBufferR::slice (5 bytes)
Event: 2.915 Thread 0x0000016ca8d797e0 nmethod 3903 0x0000016c950ef010 code [0x0000016c950ef1c0, 0x0000016c950ef2f8]
Event: 2.915 Thread 0x0000016ca8d797e0 3904       3       java.nio.DirectByteBufferR::slice (74 bytes)
Event: 2.915 Thread 0x0000016ca8d797e0 nmethod 3904 0x0000016c950ef390 code [0x0000016c950ef540, 0x0000016c950ef7f0]
Event: 2.915 Thread 0x0000016ca8d797e0 3905       3       java.lang.ClassLoader::defineClass (108 bytes)
Event: 2.917 Thread 0x0000016ca8d797e0 nmethod 3905 0x0000016c950ef910 code [0x0000016c950efc20, 0x0000016c950f0bf8]
Event: 2.917 Thread 0x0000016ca8d797e0 3907       3       java.security.SecureClassLoader::defineClass (12 bytes)
Event: 2.917 Thread 0x0000016ca8d797e0 nmethod 3907 0x0000016c950f1210 code [0x0000016c950f13c0, 0x0000016c950f1558]
Event: 2.918 Thread 0x0000016ca8d797e0 3908   !   3       jdk.internal.jimage.BasicImageReader::readBuffer (238 bytes)
Event: 2.918 Thread 0x0000016ca8d797e0 nmethod 3908 0x0000016c950f1610 code [0x0000016c950f18e0, 0x0000016c950f24e0]

GC Heap History (4 events):
Event: 0.810 GC heap before
{Heap before GC invocations=0 (full 0):
 garbage-first heap   total reserved 2015232K, committed 126976K, used 23552K [0x0000000085000000, 0x0000000100000000)
  region size 1024K, 24 young (24576K), 0 survivors (0K)
 Metaspace       used 5736K, committed 5888K, reserved 1114112K
  class space    used 670K, committed 768K, reserved 1048576K
}
Event: 0.819 GC heap after
{Heap after GC invocations=1 (full 0):
 garbage-first heap   total reserved 2015232K, committed 126976K, used 4239K [0x0000000085000000, 0x0000000100000000)
  region size 1024K, 3 young (3072K), 3 survivors (3072K)
 Metaspace       used 5736K, committed 5888K, reserved 1114112K
  class space    used 670K, committed 768K, reserved 1048576K
}
Event: 1.458 GC heap before
{Heap before GC invocations=1 (full 0):
 garbage-first heap   total reserved 2015232K, committed 126976K, used 35983K [0x0000000085000000, 0x0000000100000000)
  region size 1024K, 34 young (34816K), 3 survivors (3072K)
 Metaspace       used 9888K, committed 10048K, reserved 1114112K
  class space    used 1189K, committed 1280K, reserved 1048576K
}
Event: 1.463 GC heap after
{Heap after GC invocations=2 (full 0):
 garbage-first heap   total reserved 2015232K, committed 126976K, used 6112K [0x0000000085000000, 0x0000000100000000)
  region size 1024K, 2 young (2048K), 2 survivors (2048K)
 Metaspace       used 9888K, committed 10048K, reserved 1114112K
  class space    used 1189K, committed 1280K, reserved 1048576K
}

Dll operation events (8 events):
Event: 0.016 Loaded shared library C:\java\bin\java.dll
Event: 0.056 Loaded shared library C:\java\bin\jsvml.dll
Event: 0.072 Loaded shared library C:\java\bin\net.dll
Event: 0.074 Loaded shared library C:\java\bin\nio.dll
Event: 0.079 Loaded shared library C:\java\bin\zip.dll
Event: 0.260 Loaded shared library C:\java\bin\jimage.dll
Event: 0.328 Loaded shared library C:\Users\SAMSUNG\OneDrive\πŸ≈¡ »≠∏È\javasum\netbeans22\java\maven\lib\jansi-native\Windows\x86_64\jansi.dll
Event: 0.344 Loaded shared library C:\java\bin\verify.dll

Deoptimization events (20 events):
Event: 2.399 Thread 0x0000016c8a4cf590 DEOPT PACKING pc=0x0000016c9c53d430 sp=0x00000007d1dfd800
Event: 2.399 Thread 0x0000016c8a4cf590 DEOPT UNPACKING pc=0x0000016c9bef7da2 sp=0x00000007d1dfd798 mode 2
Event: 2.434 Thread 0x0000016c8a4cf590 DEOPT PACKING pc=0x0000016c94e90b1c sp=0x00000007d1dfe000
Event: 2.434 Thread 0x0000016c8a4cf590 DEOPT UNPACKING pc=0x0000016c9bef88e2 sp=0x00000007d1dfd458 mode 0
Event: 2.501 Thread 0x0000016c8a4cf590 DEOPT PACKING pc=0x0000016c94e9faa4 sp=0x00000007d1dfc7f0
Event: 2.501 Thread 0x0000016c8a4cf590 DEOPT UNPACKING pc=0x0000016c9bef88e2 sp=0x00000007d1dfbd48 mode 0
Event: 2.534 Thread 0x0000016c8a4cf590 Uncommon trap: trap_request=0xffffff45 fr.pc=0x0000016c9c59880c relative=0x00000000000000cc
Event: 2.534 Thread 0x0000016c8a4cf590 Uncommon trap: reason=unstable_if action=reinterpret pc=0x0000016c9c59880c method=org.apache.maven.model.io.xpp3.MavenXpp3Reader.nextTag(Lorg/codehaus/plexus/util/xml/pull/XmlPullParser;)I @ 9 c2
Event: 2.534 Thread 0x0000016c8a4cf590 DEOPT PACKING pc=0x0000016c9c59880c sp=0x00000007d1dfcce0
Event: 2.534 Thread 0x0000016c8a4cf590 DEOPT UNPACKING pc=0x0000016c9bef7da2 sp=0x00000007d1dfcc70 mode 2
Event: 2.598 Thread 0x0000016c8a4cf590 DEOPT PACKING pc=0x0000016c949fb119 sp=0x00000007d1dfcc90
Event: 2.598 Thread 0x0000016c8a4cf590 DEOPT UNPACKING pc=0x0000016c9bef88e2 sp=0x00000007d1dfc190 mode 0
Event: 2.784 Thread 0x0000016c8a4cf590 Uncommon trap: trap_request=0xffffff6e fr.pc=0x0000016c9c5ee7d8 relative=0x0000000000000138
Event: 2.784 Thread 0x0000016c8a4cf590 Uncommon trap: reason=loop_limit_check action=maybe_recompile pc=0x0000016c9c5ee7d8 method=java.util.regex.Pattern$Start.match(Ljava/util/regex/Matcher;ILjava/lang/CharSequence;)Z @ 34 c2
Event: 2.784 Thread 0x0000016c8a4cf590 DEOPT PACKING pc=0x0000016c9c5ee7d8 sp=0x00000007d1dfc780
Event: 2.784 Thread 0x0000016c8a4cf590 DEOPT UNPACKING pc=0x0000016c9bef7da2 sp=0x00000007d1dfc700 mode 2
Event: 2.828 Thread 0x0000016c8a4cf590 Uncommon trap: trap_request=0xffffff45 fr.pc=0x0000016c9c555bf8 relative=0x00000000000000d8
Event: 2.828 Thread 0x0000016c8a4cf590 Uncommon trap: reason=unstable_if action=reinterpret pc=0x0000016c9c555bf8 method=java.util.Spliterator.getExactSizeIfKnown()J @ 9 c2
Event: 2.828 Thread 0x0000016c8a4cf590 DEOPT PACKING pc=0x0000016c9c555bf8 sp=0x00000007d1dfd940
Event: 2.828 Thread 0x0000016c8a4cf590 DEOPT UNPACKING pc=0x0000016c9bef7da2 sp=0x00000007d1dfd8e0 mode 2

Classes loaded (20 events):
Event: 2.795 Loading class java/util/JumboEnumSet$EnumSetIterator
Event: 2.795 Loading class java/util/JumboEnumSet$EnumSetIterator done
Event: 2.797 Loading class java/util/MissingResourceException
Event: 2.797 Loading class java/util/MissingResourceException done
Event: 2.799 Loading class java/util/ResourceBundle$CacheKey
Event: 2.799 Loading class java/util/ResourceBundle$CacheKey done
Event: 2.799 Loading class java/util/ResourceBundle$KeyElementReference
Event: 2.799 Loading class java/util/ResourceBundle$CacheKeyReference
Event: 2.799 Loading class java/util/ResourceBundle$CacheKeyReference done
Event: 2.799 Loading class java/util/ResourceBundle$KeyElementReference done
Event: 2.800 Loading class java/util/ResourceBundle$3
Event: 2.800 Loading class java/util/ResourceBundle$3 done
Event: 2.803 Loading class java/util/ResourceBundle$BundleReference
Event: 2.803 Loading class java/util/ResourceBundle$BundleReference done
Event: 2.828 Loading class java/util/ServiceLoader$ProviderSpliterator
Event: 2.828 Loading class java/util/ServiceLoader$ProviderSpliterator done
Event: 2.876 Loading class java/nio/file/ReadOnlyFileSystemException
Event: 2.876 Loading class java/nio/file/ReadOnlyFileSystemException done
Event: 2.886 Loading class java/nio/file/ClosedFileSystemException
Event: 2.887 Loading class java/nio/file/ClosedFileSystemException done

Classes unloaded (0 events):
No events

Classes redefined (0 events):
No events

Internal exceptions (20 events):
Event: 1.554 Thread 0x0000016c8a4cf590 Implicit null exception at 0x0000016c9c4bfc5d to 0x0000016c9c4bfeb4
Event: 1.556 Thread 0x0000016c8a4cf590 Exception <a 'java/lang/NoSuchMethodError'{0x000000008c64abf8}: 'java.lang.Object java.lang.invoke.Invokers$Holder.invokeExact_MT(java.lang.Object, int, java.lang.Object)'> (0x000000008c64abf8) 
thrown [s\open\src\hotspot\share\interpreter\linkResolver.cpp, line 774]
Event: 1.568 Thread 0x0000016c8a4cf590 Exception <a 'java/lang/NoSuchMethodError'{0x000000008c6be9c8}: 'void java.lang.invoke.DirectMethodHandle$Holder.invokeStatic(java.lang.Object, java.lang.Object)'> (0x000000008c6be9c8) 
thrown [s\open\src\hotspot\share\interpreter\linkResolver.cpp, line 774]
Event: 1.731 Thread 0x0000016c8a4cf590 Exception <a 'java/lang/NoSuchMethodError'{0x000000008be85d28}: 'void java.lang.invoke.Invokers$Holder.invokeExact_MT(java.lang.Object, java.lang.Object, java.lang.Object, java.lang.Object)'> (0x000000008be85d28) 
thrown [s\open\src\hotspot\share\interpreter\linkResolver.cpp, line 774]
Event: 1.744 Thread 0x0000016c8a4cf590 Exception <a 'java/lang/NoClassDefFoundError'{0x000000008bd21b40}: com/google/inject/servlet/ServletModuleTargetVisitor> (0x000000008bd21b40) 
thrown [s\open\src\hotspot\share\classfile\systemDictionary.cpp, line 302]
Event: 1.797 Thread 0x0000016c8a4cf590 Exception <a 'java/lang/NoSuchMethodError'{0x000000008bbe2fc0}: 'void java.lang.invoke.DirectMethodHandle$Holder.invokeVirtual(java.lang.Object, java.lang.Object)'> (0x000000008bbe2fc0) 
thrown [s\open\src\hotspot\share\interpreter\linkResolver.cpp, line 774]
Event: 1.841 Thread 0x0000016c8a4cf590 Exception <a 'java/lang/NoSuchMethodError'{0x000000008ba71868}: 'java.lang.Object java.lang.invoke.DirectMethodHandle$Holder.invokeStaticInit(java.lang.Object, int, int, int, int)'> (0x000000008ba71868) 
thrown [s\open\src\hotspot\share\interpreter\linkResolver.cpp, line 774]
Event: 1.990 Thread 0x0000016c8a4cf590 Exception <a 'java/lang/NoSuchMethodError'{0x000000008b4e2980}: 'void java.lang.invoke.DirectMethodHandle$Holder.invokeVirtual(java.lang.Object, java.lang.Object, int)'> (0x000000008b4e2980) 
thrown [s\open\src\hotspot\share\interpreter\linkResolver.cpp, line 774]
Event: 1.990 Thread 0x0000016c8a4cf590 Exception <a 'java/lang/NoSuchMethodError'{0x000000008b4e9a20}: 'void java.lang.invoke.DelegatingMethodHandle$Holder.reinvoke_L(java.lang.Object, java.lang.Object, int)'> (0x000000008b4e9a20) 
thrown [s\open\src\hotspot\share\interpreter\linkResolver.cpp, line 774]
Event: 2.180 Thread 0x0000016c8a4cf590 Implicit null exception at 0x0000016c9c502918 to 0x0000016c9c502b08
Event: 2.180 Thread 0x0000016c8a4cf590 Implicit null exception at 0x0000016c9c4b9669 to 0x0000016c9c4b9e64
Event: 2.180 Thread 0x0000016c8a4cf590 Implicit null exception at 0x0000016c9c503618 to 0x0000016c9c5037f4
Event: 2.192 Thread 0x0000016c8a4cf590 Exception <a 'java/lang/NoSuchMethodError'{0x000000008ab42df0}: 'java.lang.Object java.lang.invoke.DirectMethodHandle$Holder.newInvokeSpecial(java.lang.Object, java.lang.Object, java.lang.Object, java.lang.Object, java.lang.Object, java.lang.Object, java.lang.Object)'> (0x000000008ab42df0) 
thrown [s\open\src\hotspot\share\interpreter\linkResolver.cpp, line 774]
Event: 2.418 Thread 0x0000016c8a4cf590 Exception <a 'java/lang/NoSuchMethodError'{0x0000000089f62c28}: 'java.lang.Object java.lang.invoke.DirectMethodHandle$Holder.invokeVirtual(java.lang.Object, java.lang.Object, java.lang.Object)'> (0x0000000089f62c28) 
thrown [s\open\src\hotspot\share\interpreter\linkResolver.cpp, line 774]
Event: 2.418 Thread 0x0000016c8a4cf590 Exception <a 'java/lang/NoSuchMethodError'{0x0000000089f695f0}: 'void java.lang.invoke.DirectMethodHandle$Holder.invokeSpecial(java.lang.Object, java.lang.Object, java.lang.Object, java.lang.Object, java.lang.Object, java.lang.Object)'> (0x0000000089f695f0) 
thrown [s\open\src\hotspot\share\interpreter\linkResolver.cpp, line 774]
Event: 2.419 Thread 0x0000016c8a4cf590 Exception <a 'java/lang/NoSuchMethodError'{0x0000000089f73910}: 'int java.lang.invoke.DirectMethodHandle$Holder.invokeVirtual(java.lang.Object, java.lang.Object)'> (0x0000000089f73910) 
thrown [s\open\src\hotspot\share\interpreter\linkResolver.cpp, line 774]
Event: 2.835 Thread 0x0000016c8a4cf590 Exception <a 'java/lang/NoSuchMethodError'{0x0000000088e3d638}: 'int java.lang.invoke.DirectMethodHandle$Holder.invokeInterface(java.lang.Object, java.lang.Object)'> (0x0000000088e3d638) 
thrown [s\open\src\hotspot\share\interpreter\linkResolver.cpp, line 774]
Event: 2.845 Thread 0x0000016c8a4cf590 Exception <a 'sun/nio/fs/WindowsException'{0x0000000088e70a48}> (0x0000000088e70a48) 
thrown [s\open\src\hotspot\share\prims\jni.cpp, line 520]
Event: 2.846 Thread 0x0000016c8a4cf590 Exception <a 'java/lang/NoSuchMethodError'{0x0000000088e749f8}: 'int java.lang.invoke.DirectMethodHandle$Holder.invokeVirtual(java.lang.Object, java.lang.Object, java.lang.Object)'> (0x0000000088e749f8) 
thrown [s\open\src\hotspot\share\interpreter\linkResolver.cpp, line 774]
Event: 2.847 Thread 0x0000016c8a4cf590 Exception <a 'java/lang/NoSuchMethodError'{0x0000000088e7a600}: 'void java.lang.invoke.DirectMethodHandle$Holder.invokeInterface(java.lang.Object, java.lang.Object, java.lang.Object)'> (0x0000000088e7a600) 
thrown [s\open\src\hotspot\share\interpreter\linkResolver.cpp, line 774]

ZGC Phase Switch (0 events):
No events

VM Operations (20 events):
Event: 1.809 Executing VM operation: HandshakeAllThreads (Deoptimize)
Event: 1.809 Executing VM operation: HandshakeAllThreads (Deoptimize) done
Event: 1.852 Executing VM operation: HandshakeAllThreads (Deoptimize)
Event: 1.852 Executing VM operation: HandshakeAllThreads (Deoptimize) done
Event: 1.876 Executing VM operation: HandshakeAllThreads (Deoptimize)
Event: 1.876 Executing VM operation: HandshakeAllThreads (Deoptimize) done
Event: 1.913 Executing VM operation: HandshakeAllThreads (Deoptimize)
Event: 1.913 Executing VM operation: HandshakeAllThreads (Deoptimize) done
Event: 1.986 Executing VM operation: ICBufferFull
Event: 1.986 Executing VM operation: ICBufferFull done
Event: 2.305 Executing VM operation: ICBufferFull
Event: 2.305 Executing VM operation: ICBufferFull done
Event: 2.432 Executing VM operation: HandshakeAllThreads (Deoptimize)
Event: 2.432 Executing VM operation: HandshakeAllThreads (Deoptimize) done
Event: 2.643 Executing VM operation: ICBufferFull
Event: 2.643 Executing VM operation: ICBufferFull done
Event: 2.788 Executing VM operation: HandshakeAllThreads (Deoptimize)
Event: 2.788 Executing VM operation: HandshakeAllThreads (Deoptimize) done
Event: 2.833 Executing VM operation: HandshakeAllThreads (Deoptimize)
Event: 2.833 Executing VM operation: HandshakeAllThreads (Deoptimize) done

Events (13 events):
Event: 0.033 Thread 0x0000016c8a4cf590 Thread added: 0x0000016c8a4cf590
Event: 0.052 Thread 0x0000016ca8d55d70 Thread added: 0x0000016ca8d55d70
Event: 0.052 Thread 0x0000016ca8d57a80 Thread added: 0x0000016ca8d57a80
Event: 0.053 Thread 0x0000016ca8d5f960 Thread added: 0x0000016ca8d5f960
Event: 0.053 Thread 0x0000016ca8d604b0 Thread added: 0x0000016ca8d604b0
Event: 0.053 Thread 0x0000016ca8d61490 Thread added: 0x0000016ca8d61490
Event: 0.053 Thread 0x0000016ca8d62110 Thread added: 0x0000016ca8d62110
Event: 0.053 Thread 0x0000016ca8d787b0 Thread added: 0x0000016ca8d787b0
Event: 0.053 Thread 0x0000016ca8d797e0 Thread added: 0x0000016ca8d797e0
Event: 0.067 Thread 0x0000016cee10fc50 Thread added: 0x0000016cee10fc50
Event: 0.069 Thread 0x0000016cee111000 Thread added: 0x0000016cee111000
Event: 0.531 Thread 0x0000016cee6de5c0 Thread added: 0x0000016cee6de5c0
Event: 0.758 Thread 0x0000016ceec12c20 Thread added: 0x0000016ceec12c20


Dynamic libraries:
0x00007ff7e75f0000 - 0x00007ff7e7600000 	C:\java\bin\java.exe
0x00007ffe7f4d0000 - 0x00007ffe7f6e7000 	C:\WINDOWS\SYSTEM32\ntdll.dll
0x00007ffe7ea70000 - 0x00007ffe7eb34000 	C:\WINDOWS\System32\KERNEL32.DLL
0x00007ffe7c990000 - 0x00007ffe7cd47000 	C:\WINDOWS\System32\KERNELBASE.dll
0x00007ffe7d0b0000 - 0x00007ffe7d1c1000 	C:\WINDOWS\System32\ucrtbase.dll
0x00007ffe6c0d0000 - 0x00007ffe6c0eb000 	C:\java\bin\VCRUNTIME140.dll
0x00007ffe6c1f0000 - 0x00007ffe6c207000 	C:\java\bin\jli.dll
0x00007ffe7d5a0000 - 0x00007ffe7d652000 	C:\WINDOWS\System32\ADVAPI32.dll
0x00007ffe7ed60000 - 0x00007ffe7ee07000 	C:\WINDOWS\System32\msvcrt.dll
0x00007ffe7e230000 - 0x00007ffe7e2d8000 	C:\WINDOWS\System32\sechost.dll
0x00007ffe7cf60000 - 0x00007ffe7cf88000 	C:\WINDOWS\System32\bcrypt.dll
0x00007ffe7d7f0000 - 0x00007ffe7d904000 	C:\WINDOWS\System32\RPCRT4.dll
0x00007ffe7d3c0000 - 0x00007ffe7d56f000 	C:\WINDOWS\System32\USER32.dll
0x00007ffe7d1d0000 - 0x00007ffe7d1f6000 	C:\WINDOWS\System32\win32u.dll
0x00007ffe7d7c0000 - 0x00007ffe7d7e9000 	C:\WINDOWS\System32\GDI32.dll
0x00007ffe7cf90000 - 0x00007ffe7d0a8000 	C:\WINDOWS\System32\gdi32full.dll
0x00007ffe6e0e0000 - 0x00007ffe6e373000 	C:\WINDOWS\WinSxS\amd64_microsoft.windows.common-controls_6595b64144ccf1df_6.0.22621.3672_none_2713b9d173822955\COMCTL32.dll
0x00007ffe7cd50000 - 0x00007ffe7cdea000 	C:\WINDOWS\System32\msvcp_win.dll
0x00007ffe735c0000 - 0x00007ffe735ca000 	C:\WINDOWS\SYSTEM32\VERSION.dll
0x00007ffe7d910000 - 0x00007ffe7d941000 	C:\WINDOWS\System32\IMM32.DLL
0x00007ffe6c1e0000 - 0x00007ffe6c1ec000 	C:\java\bin\vcruntime140_1.dll
0x00007ffe5b0a0000 - 0x00007ffe5b12e000 	C:\java\bin\msvcp140.dll
0x00007ffdc5600000 - 0x00007ffdc6347000 	C:\java\bin\server\jvm.dll
0x00007ffe7d200000 - 0x00007ffe7d271000 	C:\WINDOWS\System32\WS2_32.dll
0x00007ffe7b690000 - 0x00007ffe7b6dd000 	C:\WINDOWS\SYSTEM32\POWRPROF.dll
0x00007ffe76f50000 - 0x00007ffe76f84000 	C:\WINDOWS\SYSTEM32\WINMM.dll
0x00007ffe7b670000 - 0x00007ffe7b683000 	C:\WINDOWS\SYSTEM32\UMPDC.dll
0x00007ffe7b920000 - 0x00007ffe7b938000 	C:\WINDOWS\SYSTEM32\kernel.appcore.dll
0x00007ffe6c040000 - 0x00007ffe6c04a000 	C:\java\bin\jimage.dll
0x00007ffe79d00000 - 0x00007ffe79f32000 	C:\WINDOWS\SYSTEM32\DBGHELP.DLL
0x00007ffe7ef30000 - 0x00007ffe7f2be000 	C:\WINDOWS\System32\combase.dll
0x00007ffe7d280000 - 0x00007ffe7d357000 	C:\WINDOWS\System32\OLEAUT32.dll
0x00007ffe6e450000 - 0x00007ffe6e482000 	C:\WINDOWS\SYSTEM32\dbgcore.DLL
0x00007ffe7c850000 - 0x00007ffe7c8cb000 	C:\WINDOWS\System32\bcryptPrimitives.dll
0x00007ffe6bf90000 - 0x00007ffe6bfae000 	C:\java\bin\java.dll
0x00007ffe7d9c0000 - 0x00007ffe7e229000 	C:\WINDOWS\System32\SHELL32.dll
0x00007ffe7e8c0000 - 0x00007ffe7ea65000 	C:\WINDOWS\System32\ole32.dll
0x00007ffe7a760000 - 0x00007ffe7b05f000 	C:\WINDOWS\SYSTEM32\windows.storage.dll
0x00007ffe7a620000 - 0x00007ffe7a75f000 	C:\WINDOWS\SYSTEM32\wintypes.dll
0x00007ffe7d6c0000 - 0x00007ffe7d7b9000 	C:\WINDOWS\System32\SHCORE.dll
0x00007ffe7d660000 - 0x00007ffe7d6be000 	C:\WINDOWS\System32\shlwapi.dll
0x00007ffe7c710000 - 0x00007ffe7c737000 	C:\WINDOWS\SYSTEM32\profapi.dll
0x00007ffe1cfb0000 - 0x00007ffe1d087000 	C:\java\bin\jsvml.dll
0x00007ffe6c030000 - 0x00007ffe6c040000 	C:\java\bin\net.dll
0x00007ffe7bd90000 - 0x00007ffe7bdf9000 	C:\WINDOWS\system32\mswsock.dll
0x00007ffe6bd70000 - 0x00007ffe6bd86000 	C:\java\bin\nio.dll
0x00007ffe68f40000 - 0x00007ffe68f57000 	C:\java\bin\zip.dll
0x0000000069ac0000 - 0x0000000069ae4000 	C:\Users\SAMSUNG\OneDrive\πŸ≈¡ »≠∏È\javasum\netbeans22\java\maven\lib\jansi-native\Windows\x86_64\jansi.dll
0x00007ffe6c010000 - 0x00007ffe6c020000 	C:\java\bin\verify.dll

dbghelp: loaded successfully - version: 4.0.5 - missing functions: none
symbol engine: initialized successfully - sym options: 0x614 - pdb path: .;C:\java\bin;C:\WINDOWS\SYSTEM32;C:\WINDOWS\WinSxS\amd64_microsoft.windows.common-controls_6595b64144ccf1df_6.0.22621.3672_none_2713b9d173822955;C:\java\bin\server;C:\Users\SAMSUNG\OneDrive\πŸ≈¡ »≠∏È\javasum\netbeans22\java\maven\lib\jansi-native\Windows\x8;C:\Users\SAMSUNG\OneDrive\πŸ≈¡ »≠∏È\javasum\netbeans22\java\maven\lib\jansi-native\Window

VM Arguments:
jvm_args: -Dclassworlds.conf=C:\Users\SAMSUNG\OneDrive\πŸ≈¡ »≠∏È\javasum\netbeans22\java\maven\bin\m2.conf -Dmaven.home=C:\Users\SAMSUNG\OneDrive\πŸ≈¡ »≠∏È\javasum\netbeans22\java\maven -Dlibrary.jansi.path=C:\Users\SAMSUNG\OneDrive\πŸ≈¡ »≠∏È\javasum\netbeans22\java\maven\lib\jansi-native -Dmaven.multiModuleProjectDirectory=C:\Users\SAMSUNG\OneDrive\πÆº≠\NetBeansProjects\HMS 
java_command: org.codehaus.plexus.classworlds.launcher.Launcher -Dexec.vmArgs= -Dexec.args=${exec.vmArgs} -classpath %classpath ${exec.mainClass} ${exec.appArgs} -Dexec.executable=C:\java\bin\java.exe -Dexec.mainClass=cse.deu.hms.login.Login -Dexec.classpathScope=runtime -Dexec.appArgs= -Dmaven.ext.class.path=C:\Users\SAMSUNG\OneDrive\πŸ≈¡ »≠∏È\javasum\netbeans22\java\maven-nblib\netbeans-eventspy.jar --no-transfer-progress process-classes org.codehaus.mojo:exec-maven-plugin:3.1.0:exec
java_class_path (initial): C:\Users\SAMSUNG\OneDrive\πŸ≈¡ »≠∏È\javasum\netbeans22\java\maven\boot\plexus-classworlds-2.7.0.jar
Launcher Type: SUN_STANDARD

[Global flags]
     intx CICompilerCount                          = 4                                         {product} {ergonomic}
     uint ConcGCThreads                            = 2                                         {product} {ergonomic}
     uint G1ConcRefinementThreads                  = 8                                         {product} {ergonomic}
   size_t G1HeapRegionSize                         = 1048576                                   {product} {ergonomic}
   size_t InitialHeapSize                          = 130023424                                 {product} {ergonomic}
   size_t MarkStackSize                            = 4194304                                   {product} {ergonomic}
   size_t MaxHeapSize                              = 2063597568                                {product} {ergonomic}
   size_t MaxNewSize                               = 1237319680                                {product} {ergonomic}
   size_t MinHeapDeltaBytes                        = 1048576                                   {product} {ergonomic}
   size_t MinHeapSize                              = 8388608                                   {product} {ergonomic}
    uintx NonNMethodCodeHeapSize                   = 5839372                                {pd product} {ergonomic}
    uintx NonProfiledCodeHeapSize                  = 122909434                              {pd product} {ergonomic}
    uintx ProfiledCodeHeapSize                     = 122909434                              {pd product} {ergonomic}
    uintx ReservedCodeCacheSize                    = 251658240                              {pd product} {ergonomic}
     bool SegmentedCodeCache                       = true                                      {product} {ergonomic}
   size_t SoftMaxHeapSize                          = 2063597568                             {manageable} {ergonomic}
     bool UseCompressedOops                        = true                           {product lp64_product} {ergonomic}
     bool UseG1GC                                  = true                                      {product} {ergonomic}
     bool UseLargePagesIndividualAllocation        = false                                  {pd product} {ergonomic}

Logging:
Log output configuration:
 #0: stdout all=warning uptime,level,tags foldmultilines=false
 #1: stderr all=off uptime,level,tags foldmultilines=false

Environment Variables:
JAVA_HOME=C:\java
PATH=C:\Program Files\Common Files\Oracle\Java\javapath;C:\Program Files (x86)\Common Files\Oracle\Java\java8path;C:\Program Files (x86)\Common Files\Oracle\Java\javapath;C:\Users\SAMSUNG\AppData\Local\Programs\Python\Python39\Scripts\;C:\Users\SAMSUNG\AppData\Local\Programs\Python\Python39\;C:\Program Files\Python39\Scripts\;C:\Program Files\Python39\;C:\windows\system32;C:\windows;C:\windows\System32\Wbem;C:\windows\System32\WindowsPowerShell\v1.0\;C:\windows\System32\OpenSSH\;C:\Program Files (x86)\NVIDIA Corporation\PhysX\Common;C:\Program Files\NVIDIA Corporation\NVIDIA NvDLISR;C:\MinGW\bin;C:\WINDOWS\system32;C:\WINDOWS;C:\WINDOWS\System32\Wbem;C:\WINDOWS\System32\WindowsPowerShell\v1.0\;C:\WINDOWS\System32\OpenSSH\;C:\Program Files\dotnet\;C:\Program Files\Bandizip\;C:\Program Files\Git\cmd;C:\Users\SAMSUNG\anaconda3;C:\Users\SAMSUNG\anaconda3\Library\mingw-w64\bin;C:\Users\SAMSUNG\anaconda3\Library\usr\bin;C:\Users\SAMSUNG\anaconda3\Library\bin;C:\Users\SAMSUNG\anaconda3\Scripts;C:\Python312\Scripts\;C:\Python312\;C:\Users\SAMSUNG\AppData\Local\Microsoft\WindowsApps;C:\Users\SAMSUNG\AppData\Local\Programs\Microsoft VS Code\bin;C:\Users\SAMSUNG\intelijava\IntelliJ IDEA 2024.2.3\bin;;C:\Users\SAMSUNG\AppData\Local\GitHubDesktop\bin
USERNAME=SAMSUNG
OS=Windows_NT
PROCESSOR_IDENTIFIER=Intel64 Family 6 Model 140 Stepping 1, GenuineIntel
TMP=C:\Users\SAMSUNG\AppData\Local\Temp
TEMP=C:\Users\SAMSUNG\AppData\Local\Temp




Periodic native trim disabled

---------------  S Y S T E M  ---------------

OS:
 Windows 11 , 64 bit Build 22621 (10.0.22621.3958)
OS uptime: 8 days 12:11 hours

CPU: total 8 (initial active 8) (4 cores per cpu, 2 threads per core) family 6 model 140 stepping 1 microcode 0xb4, cx8, cmov, fxsr, ht, mmx, 3dnowpref, sse, sse2, sse3, ssse3, sse4.1, sse4.2, popcnt, lzcnt, tsc, tscinvbit, avx, avx2, aes, erms, clmul, bmi1, bmi2, adx, avx512f, avx512dq, avx512cd, avx512bw, avx512vl, sha, fma, vzeroupper, avx512_vpopcntdq, avx512_vpclmulqdq, avx512_vaes, avx512_vnni, clflush, clflushopt, clwb, avx512_vbmi2, avx512_vbmi, rdtscp, rdpid, fsrm, gfni, avx512_bitalg, f16c, pku, cet_ibt, cet_ss, avx512_ifma
Processor Information for processor 0
  Max Mhz: 2419, Current Mhz: 2419, Mhz Limit: 2419
Processor Information for processor 1
  Max Mhz: 2419, Current Mhz: 2419, Mhz Limit: 2419
Processor Information for processor 2
  Max Mhz: 2419, Current Mhz: 2419, Mhz Limit: 2419
Processor Information for processor 3
  Max Mhz: 2419, Current Mhz: 2419, Mhz Limit: 2419
Processor Information for processor 4
  Max Mhz: 2419, Current Mhz: 2419, Mhz Limit: 2419
Processor Information for processor 5
  Max Mhz: 2419, Current Mhz: 2419, Mhz Limit: 2419
Processor Information for processor 6
  Max Mhz: 2419, Current Mhz: 2419, Mhz Limit: 2419
Processor Information for processor 7
  Max Mhz: 2419, Current Mhz: 1209, Mhz Limit: 2419

Memory: 4k page, system-wide physical 7865M (573M free)
TotalPageFile size 16057M (AvailPageFile size 85M)
current process WorkingSet (physical memory assigned to process): 135M, peak: 189M
current process commit charge ("private bytes"): 193M, peak: 278M

vm_info: Java HotSpot(TM) 64-Bit Server VM (22.0.1+8-16) for windows-amd64 JRE (22.0.1+8-16), built on 2024-03-12T10:33:16Z by "mach5one" with MS VC++ 17.6 (VS2022)

END.
